#
# There is insufficient memory for the Java Runtime Environment to continue.
# Native memory allocation (malloc) failed to allocate 32744 bytes for ChunkPool::allocate
# Possible reasons:
#   The system is out of physical RAM or swap space
#   In 32 bit mode, the process size limit was hit
# Possible solutions:
#   Reduce memory load on the system
#   Increase physical memory or swap space
#   Check if swap backing store is full
#   Use 64 bit Java on a 64 bit OS
#   Decrease Java heap size (-Xmx/-Xms)
#   Decrease number of Java threads
#   Decrease Java thread stack sizes (-Xss)
#   Set larger code cache with -XX:ReservedCodeCacheSize=
# This output file may be truncated or incomplete.
#
#  Out of Memory Error (allocation.cpp:273), pid=15828, tid=0x00000000000056e4
#
# JRE version: Java(TM) SE Runtime Environment (8.0_102-b14) (build 1.8.0_102-b14)
# Java VM: Java HotSpot(TM) 64-Bit Server VM (25.102-b14 mixed mode windows-amd64 compressed oops)
# Failed to write core dump. Minidumps are not enabled by default on client versions of Windows
#

---------------  T H R E A D  ---------------

Current thread (0x000000001e212800):  JavaThread "C1 CompilerThread3" daemon [_thread_in_native, id=22244, stack(0x000000001fa60000,0x000000001fb60000)]

Stack: [0x000000001fa60000,0x000000001fb60000]
[error occurred during error reporting (printing stack bounds), id 0xc0000005]

Native frames: (J=compiled Java code, j=interpreted, Vv=VM code, C=native code)


Current CompileTask:
C1:  15946 2208       1       java.io.ObjectOutputStream::isCustomSubclass (21 bytes)


---------------  P R O C E S S  ---------------

Java Threads: ( => current thread )
  0x000000002057d800 JavaThread "JMX server connection timeout 21" daemon [_thread_blocked, id=22200, stack(0x0000000021470000,0x0000000021570000)]
  0x000000001e211000 JavaThread "RMI TCP Connection(2)-127.0.0.1" daemon [_thread_in_native, id=5972, stack(0x0000000021370000,0x0000000021470000)]
  0x000000001e217000 JavaThread "RMI Scheduler(0)" daemon [_thread_blocked, id=18932, stack(0x0000000021270000,0x0000000021370000)]
  0x000000001e216000 JavaThread "RMI TCP Connection(1)-127.0.0.1" daemon [_thread_in_native, id=8044, stack(0x0000000021070000,0x0000000021170000)]
  0x000000001e214000 JavaThread "restartedMain" [_thread_in_native, id=20172, stack(0x0000000020d70000,0x0000000020e70000)]
  0x000000001e217800 JavaThread "Thread-1" [_thread_blocked, id=21676, stack(0x0000000020c70000,0x0000000020d70000)]
  0x000000001e213000 JavaThread "RMI TCP Accept-0" daemon [_thread_in_native, id=21368, stack(0x00000000207c0000,0x00000000208c0000)]
  0x000000001e215800 JavaThread "RMI TCP Accept-51409" daemon [_thread_in_native, id=19552, stack(0x00000000206c0000,0x00000000207c0000)]
  0x000000001e211800 JavaThread "RMI TCP Accept-0" daemon [_thread_in_native, id=12864, stack(0x00000000205c0000,0x00000000206c0000)]
  0x000000001e2a2800 JavaThread "Service Thread" daemon [_thread_blocked, id=15272, stack(0x000000001fb60000,0x000000001fc60000)]
=>0x000000001e212800 JavaThread "C1 CompilerThread3" daemon [_thread_in_native, id=22244, stack(0x000000001fa60000,0x000000001fb60000)]
  0x000000001e214800 JavaThread "C2 CompilerThread2" daemon [_thread_blocked, id=6392, stack(0x000000001f960000,0x000000001fa60000)]
  0x000000001e20b800 JavaThread "C2 CompilerThread1" daemon [_thread_blocked, id=15932, stack(0x000000001f860000,0x000000001f960000)]
  0x000000001e203800 JavaThread "C2 CompilerThread0" daemon [_thread_blocked, id=20040, stack(0x000000001f760000,0x000000001f860000)]
  0x000000001e203000 JavaThread "Attach Listener" daemon [_thread_blocked, id=20916, stack(0x000000001f660000,0x000000001f760000)]
  0x000000001e202800 JavaThread "Signal Dispatcher" daemon [_thread_blocked, id=13296, stack(0x000000001f560000,0x000000001f660000)]
  0x000000001e193800 JavaThread "Finalizer" daemon [_thread_blocked, id=13924, stack(0x000000001f400000,0x000000001f500000)]
  0x000000001cabf000 JavaThread "Reference Handler" daemon [_thread_blocked, id=21832, stack(0x000000001f300000,0x000000001f400000)]
  0x0000000002e67000 JavaThread "main" [_thread_blocked, id=22208, stack(0x0000000002d60000,0x0000000002e60000)]

Other Threads:
  0x000000001e172800 VMThread [stack: 0x000000001f200000,0x000000001f300000] [id=14764]
  0x00000000201df000 WatcherThread [stack: 0x00000000208c0000,0x00000000209c0000] [id=12956]

VM state:not at safepoint (normal execution)

VM Mutex/Monitor currently owned by a thread: None

Heap:
 PSYoungGen      total 75776K, used 44914K [0x000000076bb00000, 0x0000000774f00000, 0x00000007c0000000)
  eden space 65024K, 69% used [0x000000076bb00000,0x000000076e6dca58,0x000000076fa80000)
  from space 10752K, 0% used [0x0000000770500000,0x0000000770500000,0x0000000770f80000)
  to   space 10752K, 0% used [0x000000076fa80000,0x000000076fa80000,0x0000000770500000)
 ParOldGen       total 75264K, used 6496K [0x00000006c3000000, 0x00000006c7980000, 0x000000076bb00000)
  object space 75264K, 8% used [0x00000006c3000000,0x00000006c3658248,0x00000006c7980000)
 Metaspace       used 24454K, capacity 25506K, committed 25728K, reserved 1071104K
  class space    used 3370K, capacity 3600K, committed 3712K, reserved 1048576K

Card table byte_map: [0x0000000012320000,0x0000000012b10000] byte_map_base: 0x000000000ed08000

Marking Bits: (ParMarkBitMap*) 0x000000006d01a6c0
 Begin Bits: [0x0000000013a60000, 0x00000000179a0000)
 End Bits:   [0x00000000179a0000, 0x000000001b8e0000)

Polling page: 0x0000000000fc0000

CodeCache: size=245760Kb used=4364Kb max_used=4364Kb free=241395Kb
 bounds [0x0000000002f60000, 0x00000000033b0000, 0x0000000011f60000]
 total_blobs=2614 nmethods=2205 adapters=321
 compilation: enabled

Compilation events (10 events):
Event: 14.389 Thread 0x000000001e212800 nmethod 2203 0x00000000033a2310 code [0x00000000033a2480, 0x00000000033a2618]
Event: 14.389 Thread 0x000000001e212800 2204       1       java.io.ObjectInputStream$BlockDataInputStream::peek (55 bytes)
Event: 14.389 Thread 0x000000001e212800 nmethod 2204 0x00000000033a2710 code [0x00000000033a2880, 0x00000000033a2a98]
Event: 14.389 Thread 0x000000001e212800 2205       1       java.io.ObjectOutputStream::writeLong (9 bytes)
Event: 14.389 Thread 0x000000001e212800 nmethod 2205 0x00000000033a2bd0 code [0x00000000033a2d20, 0x00000000033a2e68]
Event: 14.389 Thread 0x000000001e212800 2206       1       java.io.ObjectOutputStream$BlockDataOutputStream::writeLong (48 bytes)
Event: 14.390 Thread 0x000000001e212800 nmethod 2206 0x00000000033a2f10 code [0x00000000033a3080, 0x00000000033a3218]
Event: 14.891 Thread 0x000000001e212800 2207   !   1       java.io.ObjectOutputStream::writeObject (38 bytes)
Event: 14.892 Thread 0x000000001e212800 nmethod 2207 0x00000000033a32d0 code [0x00000000033a3440, 0x00000000033a35f8]
Event: 15.943 Thread 0x000000001e212800 2208       1       java.io.ObjectOutputStream::isCustomSubclass (21 bytes)

GC Heap History (10 events):
Event: 3.916 GC heap before
{Heap before GC invocations=1 (full 0):
 PSYoungGen      total 75776K, used 65024K [0x000000076bb00000, 0x0000000770f80000, 0x00000007c0000000)
  eden space 65024K, 100% used [0x000000076bb00000,0x000000076fa80000,0x000000076fa80000)
  from space 10752K, 0% used [0x0000000770500000,0x0000000770500000,0x0000000770f80000)
  to   space 10752K, 0% used [0x000000076fa80000,0x000000076fa80000,0x0000000770500000)
 ParOldGen       total 173568K, used 0K [0x00000006c3000000, 0x00000006cd980000, 0x000000076bb00000)
  object space 173568K, 0% used [0x00000006c3000000,0x00000006c3000000,0x00000006cd980000)
 Metaspace       used 11118K, capacity 11350K, committed 11520K, reserved 1058816K
  class space    used 1390K, capacity 1460K, committed 1536K, reserved 1048576K
Event: 3.924 GC heap after
Heap after GC invocations=1 (full 0):
 PSYoungGen      total 75776K, used 9423K [0x000000076bb00000, 0x0000000770f80000, 0x00000007c0000000)
  eden space 65024K, 0% used [0x000000076bb00000,0x000000076bb00000,0x000000076fa80000)
  from space 10752K, 87% used [0x000000076fa80000,0x00000007703b3f10,0x0000000770500000)
  to   space 10752K, 0% used [0x0000000770500000,0x0000000770500000,0x0000000770f80000)
 ParOldGen       total 173568K, used 16K [0x00000006c3000000, 0x00000006cd980000, 0x000000076bb00000)
  object space 173568K, 0% used [0x00000006c3000000,0x00000006c3004000,0x00000006cd980000)
 Metaspace       used 11118K, capacity 11350K, committed 11520K, reserved 1058816K
  class space    used 1390K, capacity 1460K, committed 1536K, reserved 1048576K
}
Event: 10.770 GC heap before
{Heap before GC invocations=2 (full 0):
 PSYoungGen      total 75776K, used 74447K [0x000000076bb00000, 0x0000000770f80000, 0x00000007c0000000)
  eden space 65024K, 100% used [0x000000076bb00000,0x000000076fa80000,0x000000076fa80000)
  from space 10752K, 87% used [0x000000076fa80000,0x00000007703b3f10,0x0000000770500000)
  to   space 10752K, 0% used [0x0000000770500000,0x0000000770500000,0x0000000770f80000)
 ParOldGen       total 173568K, used 16K [0x00000006c3000000, 0x00000006cd980000, 0x000000076bb00000)
  object space 173568K, 0% used [0x00000006c3000000,0x00000006c3004000,0x00000006cd980000)
 Metaspace       used 16102K, capacity 16756K, committed 16896K, reserved 1064960K
  class space    used 2127K, capacity 2281K, committed 2304K, reserved 1048576K
Event: 10.775 GC heap after
Heap after GC invocations=2 (full 0):
 PSYoungGen      total 75776K, used 8098K [0x000000076bb00000, 0x0000000770f80000, 0x00000007c0000000)
  eden space 65024K, 0% used [0x000000076bb00000,0x000000076bb00000,0x000000076fa80000)
  from space 10752K, 75% used [0x0000000770500000,0x0000000770ce8908,0x0000000770f80000)
  to   space 10752K, 0% used [0x000000076fa80000,0x000000076fa80000,0x0000000770500000)
 ParOldGen       total 173568K, used 24K [0x00000006c3000000, 0x00000006cd980000, 0x000000076bb00000)
  object space 173568K, 0% used [0x00000006c3000000,0x00000006c3006000,0x00000006cd980000)
 Metaspace       used 16102K, capacity 16756K, committed 16896K, reserved 1064960K
  class space    used 2127K, capacity 2281K, committed 2304K, reserved 1048576K
}
Event: 10.930 GC heap before
{Heap before GC invocations=3 (full 0):
 PSYoungGen      total 75776K, used 73122K [0x000000076bb00000, 0x0000000770f80000, 0x00000007c0000000)
  eden space 65024K, 100% used [0x000000076bb00000,0x000000076fa80000,0x000000076fa80000)
  from space 10752K, 75% used [0x0000000770500000,0x0000000770ce8908,0x0000000770f80000)
  to   space 10752K, 0% used [0x000000076fa80000,0x000000076fa80000,0x0000000770500000)
 ParOldGen       total 173568K, used 24K [0x00000006c3000000, 0x00000006cd980000, 0x000000076bb00000)
  object space 173568K, 0% used [0x00000006c3000000,0x00000006c3006000,0x00000006cd980000)
 Metaspace       used 19531K, capacity 20378K, committed 20608K, reserved 1067008K
  class space    used 2705K, capacity 2912K, committed 2944K, reserved 1048576K
Event: 10.934 GC heap after
Heap after GC invocations=3 (full 0):
 PSYoungGen      total 75776K, used 9147K [0x000000076bb00000, 0x0000000770f80000, 0x00000007c0000000)
  eden space 65024K, 0% used [0x000000076bb00000,0x000000076bb00000,0x000000076fa80000)
  from space 10752K, 85% used [0x000000076fa80000,0x000000077036eca8,0x0000000770500000)
  to   space 10752K, 0% used [0x0000000770500000,0x0000000770500000,0x0000000770f80000)
 ParOldGen       total 173568K, used 32K [0x00000006c3000000, 0x00000006cd980000, 0x000000076bb00000)
  object space 173568K, 0% used [0x00000006c3000000,0x00000006c3008000,0x00000006cd980000)
 Metaspace       used 19531K, capacity 20378K, committed 20608K, reserved 1067008K
  class space    used 2705K, capacity 2912K, committed 2944K, reserved 1048576K
}
Event: 10.961 GC heap before
{Heap before GC invocations=4 (full 0):
 PSYoungGen      total 75776K, used 15552K [0x000000076bb00000, 0x0000000770f80000, 0x00000007c0000000)
  eden space 65024K, 9% used [0x000000076bb00000,0x000000076c141440,0x000000076fa80000)
  from space 10752K, 85% used [0x000000076fa80000,0x000000077036eca8,0x0000000770500000)
  to   space 10752K, 0% used [0x0000000770500000,0x0000000770500000,0x0000000770f80000)
 ParOldGen       total 173568K, used 32K [0x00000006c3000000, 0x00000006cd980000, 0x000000076bb00000)
  object space 173568K, 0% used [0x00000006c3000000,0x00000006c3008000,0x00000006cd980000)
 Metaspace       used 20278K, capacity 21104K, committed 21248K, reserved 1067008K
  class space    used 2785K, capacity 2987K, committed 3072K, reserved 1048576K
Event: 10.965 GC heap after
Heap after GC invocations=4 (full 0):
 PSYoungGen      total 75776K, used 6698K [0x000000076bb00000, 0x0000000774f00000, 0x00000007c0000000)
  eden space 65024K, 0% used [0x000000076bb00000,0x000000076bb00000,0x000000076fa80000)
  from space 10752K, 62% used [0x0000000770500000,0x0000000770b8a8a8,0x0000000770f80000)
  to   space 10752K, 0% used [0x000000076fa80000,0x000000076fa80000,0x0000000770500000)
 ParOldGen       total 173568K, used 40K [0x00000006c3000000, 0x00000006cd980000, 0x000000076bb00000)
  object space 173568K, 0% used [0x00000006c3000000,0x00000006c300a000,0x00000006cd980000)
 Metaspace       used 20278K, capacity 21104K, committed 21248K, reserved 1067008K
  class space    used 2785K, capacity 2987K, committed 3072K, reserved 1048576K
}
Event: 10.965 GC heap before
{Heap before GC invocations=5 (full 1):
 PSYoungGen      total 75776K, used 6698K [0x000000076bb00000, 0x0000000774f00000, 0x00000007c0000000)
  eden space 65024K, 0% used [0x000000076bb00000,0x000000076bb00000,0x000000076fa80000)
  from space 10752K, 62% used [0x0000000770500000,0x0000000770b8a8a8,0x0000000770f80000)
  to   space 10752K, 0% used [0x000000076fa80000,0x000000076fa80000,0x0000000770500000)
 ParOldGen       total 173568K, used 40K [0x00000006c3000000, 0x00000006cd980000, 0x000000076bb00000)
  object space 173568K, 0% used [0x00000006c3000000,0x00000006c300a000,0x00000006cd980000)
 Metaspace       used 20278K, capacity 21104K, committed 21248K, reserved 1067008K
  class space    used 2785K, capacity 2987K, committed 3072K, reserved 1048576K
Event: 10.987 GC heap after
Heap after GC invocations=5 (full 1):
 PSYoungGen      total 75776K, used 0K [0x000000076bb00000, 0x0000000774f00000, 0x00000007c0000000)
  eden space 65024K, 0% used [0x000000076bb00000,0x000000076bb00000,0x000000076fa80000)
  from space 10752K, 0% used [0x0000000770500000,0x0000000770500000,0x0000000770f80000)
  to   space 10752K, 0% used [0x000000076fa80000,0x000000076fa80000,0x0000000770500000)
 ParOldGen       total 75264K, used 6496K [0x00000006c3000000, 0x00000006c7980000, 0x000000076bb00000)
  object space 75264K, 8% used [0x00000006c3000000,0x00000006c3658248,0x00000006c7980000)
 Metaspace       used 20278K, capacity 21104K, committed 21248K, reserved 1067008K
  class space    used 2785K, capacity 2987K, committed 3072K, reserved 1048576K
}

Deoptimization events (0 events):
No events

Internal exceptions (10 events):
Event: 11.205 Thread 0x000000001e214000 Exception <a 'java/lang/ArrayIndexOutOfBoundsException'> (0x000000076e26a518) thrown at [C:\re\workspace\8-2-build-windows-amd64-cygwin\jdk8u102\7268\hotspot\src\share\vm\runtime\sharedRuntime.cpp, line 605]
Event: 11.206 Thread 0x000000001e214000 Exception <a 'java/lang/ArrayIndexOutOfBoundsException'> (0x000000076e27ca78) thrown at [C:\re\workspace\8-2-build-windows-amd64-cygwin\jdk8u102\7268\hotspot\src\share\vm\runtime\sharedRuntime.cpp, line 605]
Event: 11.208 Thread 0x000000001e214000 Exception <a 'java/lang/ArrayIndexOutOfBoundsException'> (0x000000076e2ada78) thrown at [C:\re\workspace\8-2-build-windows-amd64-cygwin\jdk8u102\7268\hotspot\src\share\vm\runtime\sharedRuntime.cpp, line 605]
Event: 11.322 Thread 0x000000001e211000 Exception <a 'java/lang/reflect/InvocationTargetException'> (0x000000076e38c100) thrown at [C:\re\workspace\8-2-build-windows-amd64-cygwin\jdk8u102\7268\hotspot\src\share\vm\runtime\reflection.cpp, line 1092]
Event: 11.875 Thread 0x000000001e211000 Exception <a 'java/lang/reflect/InvocationTargetException'> (0x000000076e395780) thrown at [C:\re\workspace\8-2-build-windows-amd64-cygwin\jdk8u102\7268\hotspot\src\share\vm\runtime\reflection.cpp, line 1092]
Event: 13.220 Thread 0x000000001e214000 Exception <a 'java/net/ConnectException': Connection refused: connect> (0x000000076e344be8) thrown at [C:\re\workspace\8-2-build-windows-amd64-cygwin\jdk8u102\7268\hotspot\src\share\vm\prims\jni.cpp, line 735]
Event: 13.227 Thread 0x000000001e214000 Exception <a 'java/lang/ArrayIndexOutOfBoundsException'> (0x000000076e51aa58) thrown at [C:\re\workspace\8-2-build-windows-amd64-cygwin\jdk8u102\7268\hotspot\src\share\vm\runtime\sharedRuntime.cpp, line 605]
Event: 13.227 Thread 0x000000001e214000 Exception <a 'java/lang/ArrayIndexOutOfBoundsException'> (0x000000076e51cb70) thrown at [C:\re\workspace\8-2-build-windows-amd64-cygwin\jdk8u102\7268\hotspot\src\share\vm\runtime\sharedRuntime.cpp, line 605]
Event: 13.233 Thread 0x000000001e214000 Exception <a 'java/lang/ArrayIndexOutOfBoundsException'> (0x000000076e5d5d60) thrown at [C:\re\workspace\8-2-build-windows-amd64-cygwin\jdk8u102\7268\hotspot\src\share\vm\runtime\sharedRuntime.cpp, line 605]
Event: 13.233 Thread 0x000000001e214000 Exception <a 'java/lang/ArrayIndexOutOfBoundsException'> (0x000000076e606bd0) thrown at [C:\re\workspace\8-2-build-windows-amd64-cygwin\jdk8u102\7268\hotspot\src\share\vm\runtime\sharedRuntime.cpp, line 605]

Events (10 events):
Event: 13.229 loading class org/springframework/cloud/bootstrap/support/OriginTrackedCompositePropertySource
Event: 13.229 loading class org/springframework/cloud/bootstrap/support/OriginTrackedCompositePropertySource done
Event: 13.229 loading class org/springframework/core/env/CompositePropertySource
Event: 13.229 loading class org/springframework/core/env/CompositePropertySource done
Event: 13.230 loading class org/springframework/cloud/bootstrap/BootstrapApplicationListener$CloseContextOnFailureApplicationListener
Event: 13.230 loading class org/springframework/cloud/bootstrap/BootstrapApplicationListener$CloseContextOnFailureApplicationListener done
Event: 13.230 loading class org/springframework/cloud/bootstrap/BootstrapApplicationListener$BootstrapMarkerConfiguration
Event: 13.230 loading class org/springframework/cloud/bootstrap/BootstrapApplicationListener$BootstrapMarkerConfiguration done
Event: 13.230 loading class org/springframework/cloud/bootstrap/BootstrapApplicationListener$DelegatingEnvironmentDecryptApplicationInitializer
Event: 13.230 loading class org/springframework/cloud/bootstrap/BootstrapApplicationListener$DelegatingEnvironmentDecryptApplicationInitializer done


Dynamic libraries:
0x00007ff7dd600000 - 0x00007ff7dd637000 	D:\Java\bin\javaw.exe
0x00007ffb7a2e0000 - 0x00007ffb7a4d0000 	C:\windows\SYSTEM32\ntdll.dll
0x00007ffb79d80000 - 0x00007ffb79e32000 	C:\windows\System32\KERNEL32.DLL
0x00007ffb776e0000 - 0x00007ffb77985000 	C:\windows\System32\KERNELBASE.dll
0x00007ffb7a160000 - 0x00007ffb7a203000 	C:\windows\System32\ADVAPI32.dll
0x00007ffb78ed0000 - 0x00007ffb78f6e000 	C:\windows\System32\msvcrt.dll
0x00007ffb78620000 - 0x00007ffb786b7000 	C:\windows\System32\sechost.dll
0x00007ffb791a0000 - 0x00007ffb792bf000 	C:\windows\System32\RPCRT4.dll
0x00007ffb78390000 - 0x00007ffb78524000 	C:\windows\System32\USER32.dll
0x00007ffb77490000 - 0x00007ffb774b1000 	C:\windows\System32\win32u.dll
0x00007ffb7a210000 - 0x00007ffb7a236000 	C:\windows\System32\GDI32.dll
0x00007ffb781f0000 - 0x00007ffb78388000 	C:\windows\System32\gdi32full.dll
0x00007ffb77520000 - 0x00007ffb775be000 	C:\windows\System32\msvcp_win.dll
0x00007ffb775c0000 - 0x00007ffb776ba000 	C:\windows\System32\ucrtbase.dll
0x00007ffb5a800000 - 0x00007ffb5aa84000 	C:\windows\WinSxS\amd64_microsoft.windows.common-controls_6595b64144ccf1df_6.0.18362.1556_none_9e7e372fe45e41d5\COMCTL32.dll
0x00007ffb798f0000 - 0x00007ffb79c26000 	C:\windows\System32\combase.dll
0x00007ffb77400000 - 0x00007ffb77481000 	C:\windows\System32\bcryptPrimitives.dll
0x00007ffb79d50000 - 0x00007ffb79d7e000 	C:\windows\System32\IMM32.DLL
0x000000006c720000 - 0x000000006c7f1000 	D:\Java\bin\msvcr100.dll
0x000000006c800000 - 0x000000006d09a000 	D:\Java\bin\server\jvm.dll
0x00007ffb79e40000 - 0x00007ffb79e48000 	C:\windows\System32\PSAPI.DLL
0x00007ffb748a0000 - 0x00007ffb748c4000 	C:\windows\SYSTEM32\WINMM.dll
0x00007ffb4fa50000 - 0x00007ffb4fa59000 	C:\windows\SYSTEM32\WSOCK32.dll
0x00007ffb6c8d0000 - 0x00007ffb6c8da000 	C:\windows\SYSTEM32\VERSION.dll
0x00007ffb79c30000 - 0x00007ffb79c9f000 	C:\windows\System32\WS2_32.dll
0x00007ffb74230000 - 0x00007ffb7425d000 	C:\windows\SYSTEM32\WINMMBASE.dll
0x00007ffb77250000 - 0x00007ffb7729a000 	C:\windows\System32\cfgmgr32.dll
0x000000006ded0000 - 0x000000006dedf000 	D:\Java\bin\verify.dll
0x000000006d9f0000 - 0x000000006da19000 	D:\Java\bin\java.dll
0x000000006d9d0000 - 0x000000006d9e6000 	D:\Java\bin\zip.dll
0x00007ffb786c0000 - 0x00007ffb78da7000 	C:\windows\System32\SHELL32.dll
0x00007ffb79ca0000 - 0x00007ffb79d48000 	C:\windows\System32\shcore.dll
0x00007ffb77990000 - 0x00007ffb7810b000 	C:\windows\System32\windows.storage.dll
0x00007ffb771a0000 - 0x00007ffb771be000 	C:\windows\System32\profapi.dll
0x00007ffb771c0000 - 0x00007ffb7720a000 	C:\windows\System32\powrprof.dll
0x00007ffb77190000 - 0x00007ffb771a0000 	C:\windows\System32\UMPDC.dll
0x00007ffb792c0000 - 0x00007ffb79312000 	C:\windows\System32\shlwapi.dll
0x00007ffb77210000 - 0x00007ffb77221000 	C:\windows\System32\kernel.appcore.dll
0x00007ffb776c0000 - 0x00007ffb776d7000 	C:\windows\System32\cryptsp.dll
0x000000006d980000 - 0x000000006d98d000 	D:\Java\bin\management.dll
0x000000006d9b0000 - 0x000000006d9ca000 	D:\Java\bin\net.dll
0x00007ffb769b0000 - 0x00007ffb76a17000 	C:\windows\system32\mswsock.dll
0x000000006d990000 - 0x000000006d9a1000 	D:\Java\bin\nio.dll
0x00007ffb6c8f0000 - 0x00007ffb6c93b000 	C:\Program Files (x86)\Sangfor\SSL\ClientComponent\1_SangforNspX64.dll
0x00007ffb79320000 - 0x00007ffb79477000 	C:\windows\System32\ole32.dll
0x00007ffb79e50000 - 0x00007ffb79f15000 	C:\windows\System32\OLEAUT32.dll
0x00007ffb4cf30000 - 0x00007ffb4cf46000 	C:\windows\system32\napinsp.dll
0x00007ffb4cf10000 - 0x00007ffb4cf2a000 	C:\windows\system32\pnrpnsp.dll
0x00007ffb766f0000 - 0x00007ffb767bb000 	C:\windows\SYSTEM32\DNSAPI.dll
0x00007ffb7a150000 - 0x00007ffb7a158000 	C:\windows\System32\NSI.dll
0x00007ffb766b0000 - 0x00007ffb766ea000 	C:\windows\SYSTEM32\IPHLPAPI.DLL
0x00007ffb54d90000 - 0x00007ffb54d9e000 	C:\windows\System32\winrnr.dll
0x00007ffb73430000 - 0x00007ffb7344c000 	C:\windows\system32\NLAapi.dll
0x00007ffb72cd0000 - 0x00007ffb72ce5000 	C:\windows\system32\wshbth.dll
0x000000006f570000 - 0x000000006f596000 	C:\Program Files\Bonjour\mdnsNSP.dll
0x00007ffb6f3d0000 - 0x00007ffb6f3da000 	C:\Windows\System32\rasadhlp.dll
0x00007ffb720f0000 - 0x00007ffb72167000 	C:\windows\System32\fwpuclnt.dll
0x00007ffb78110000 - 0x00007ffb78136000 	C:\windows\System32\bcrypt.dll
0x00007ffb76510000 - 0x00007ffb76543000 	C:\windows\system32\rsaenh.dll
0x00007ffb77080000 - 0x00007ffb770a5000 	C:\windows\SYSTEM32\USERENV.dll
0x00007ffb76ba0000 - 0x00007ffb76bac000 	C:\windows\SYSTEM32\CRYPTBASE.dll
0x00007ffb736f0000 - 0x00007ffb73706000 	C:\windows\SYSTEM32\dhcpcsvc6.DLL
0x00007ffb736d0000 - 0x00007ffb736ec000 	C:\windows\SYSTEM32\dhcpcsvc.DLL

VM Arguments:
jvm_args: -Dcom.sun.management.jmxremote -Dcom.sun.management.jmxremote.port=51409 -Dcom.sun.management.jmxremote.authenticate=false -Dcom.sun.management.jmxremote.ssl=false -Djava.rmi.server.hostname=localhost -Dspring.jmx.enabled=true -Dspring.application.admin.enabled=true -Xverify:none -XX:TieredStopAtLevel=1 -Dspring.boot.project.name=provider_server_11000 -Dfile.encoding=UTF-8 
java_command: com.neusoft.MyApplication --spring.output.ansi.enabled=always
java_class_path (initial): D:\STS\springcloud_demo\provider_server_11000\target\classes;C:\Users\hp\.m2\repository\org\springframework\cloud\spring-cloud-starter-config\2.2.6.RELEASE\spring-cloud-starter-config-2.2.6.RELEASE.jar;C:\Users\hp\.m2\repository\org\springframework\cloud\spring-cloud-starter\2.2.6.RELEASE\spring-cloud-starter-2.2.6.RELEASE.jar;C:\Users\hp\.m2\repository\org\springframework\cloud\spring-cloud-context\2.2.6.RELEASE\spring-cloud-context-2.2.6.RELEASE.jar;C:\Users\hp\.m2\repository\org\springframework\security\spring-security-crypto\5.3.4.RELEASE\spring-security-crypto-5.3.4.RELEASE.jar;C:\Users\hp\.m2\repository\org\springframework\cloud\spring-cloud-commons\2.2.6.RELEASE\spring-cloud-commons-2.2.6.RELEASE.jar;C:\Users\hp\.m2\repository\org\springframework\security\spring-security-rsa\1.0.9.RELEASE\spring-security-rsa-1.0.9.RELEASE.jar;C:\Users\hp\.m2\repository\org\bouncycastle\bcpkix-jdk15on\1.64\bcpkix-jdk15on-1.64.jar;C:\Users\hp\.m2\repository\org\bouncycastle\bcprov-jdk15on\1.64\bcprov-jdk15on-1.64.jar;C:\Users\hp\.m2\repository\org\springframework\cloud\spring-cloud-config-client\2.2.6.RELEASE\spring-cloud-config-client-2.2.6.RELEASE.jar;C:\Users\hp\.m2\repository\com\fasterxml\jackson\core\jackson-annotations\2.11.2\jackson-annotations-2.11.2.jar;C:\Users\hp\.m2\repository\org\apache\httpcomponents\httpclient\4.5.12\httpclient-4.5.12.jar;C:\Users\hp\.m2\repository\org\apache\httpcomponents\httpcore\4.4.13\httpcore-4.4.13.jar;C:\Users\hp\.m2\repository\commons-codec\commons-codec\1.14\commons-codec-1.14.jar;C:\Users\hp\.m2\repository\com\fasterxml\jackson\core\jackson-databind\2.11.2\jackson-databind-2.11.2.jar;C:\Users\hp\.m2\repository\com\fasterxml\jackson\core\jackson-core\2.11.2\jackson-core-2.11.2.jar;C:\Users\hp\.m2\repository\org\springframework\cloud\spring-cloud-starter-netflix-eureka-client\2.2.6.RELEASE\spring-cloud-starter-netflix-eureka-client-2.2.6.RELEASE.jar;C:\Users\hp\.m2\repository\org\springframework\cloud\spring
Launcher Type: SUN_STANDARD

Environment Variables:
JAVA_HOME=G:\JDK\bin
PATH=D:/Java/bin/server;D:/Java/bin;D:/Java/lib/amd64;C:\ProgramData\Oracle\Java\javapath;C:\Program Files\Common Files\Oracle\Java\javapath;E:\VMWarePro\bin\;C:\Users\hp\Anaconda;C:\Users\hp\Anaconda\Scripts;C:\windows\system32;C:\windows;C:\windows\System32\Wbem;C:\windows\System32\WindowsPowerShell\v1.0\;C:\windows\System32\OpenSSH\;C:\Program Files (x86)\NVIDIA Corporation\PhysX\Common;C:\Program Files\NVIDIA Corporation\NVIDIA NvDLISR;C:\MinGW\libexec\mingw-get\guimain.exe;C:\MinGW\bin;C:\Program Files\dotnet\;G:\JDK\bin;G:\Quick_App\;G:\Quick_App\Git\cmd;E:\Putty\;E:\V2RAY\;D:\MySQL\mysql-8.0.28-winx64\bin;;C:\Program Files\Docker\Docker\resources\bin;C:\ProgramData\DockerDesktop\version-bin;D:\Bandi\Bandizip\;C:\Program Files\MySQL\MySQL Shell 8.0\bin\;C:\Users\hp\AppData\Local\Programs\Python\Python310\Scripts\;C:\Users\hp\AppData\Local\Programs\Python\Python310\;C:\Users\hp\.cargo\bin;C:\Users\hp\AppData\Local\Programs\Python\Launcher\;C:\Users\hp\AppData\Local\Microsoft\WindowsApps;D:\新建文件夹\PyCharm Community Edition 2020.2\bin;;C:\Users\hp\.dotnet\tools;D:\VS Code\MinGW\bin;C:\MinGW\bin;D:\VS_Code\Microsoft VS Code\bin;G:\Quick_App\Quick App IDE\bin;C:\Users\hp\AppData\Roaming\npm;G:\JDK\bin\bin;C:\Users\hp\.rustup;C:\Users\hp\.cargo;D:\TC\bin;D:\TC\lib;G:\JDK\bin\jre\bin;D:\latex\texlive\2022\bin\win32;D:\latex\texlive\2022\bin;;D:\STS\sts-4.6.1.RELEASE;
USERNAME=hp
OS=Windows_NT
PROCESSOR_IDENTIFIER=Intel64 Family 6 Model 165 Stepping 2, GenuineIntel



---------------  S Y S T E M  ---------------

OS: Windows 10.0 , 64 bit Build 18362 (10.0.18362.1500)

CPU:total 12 (6 cores per cpu, 2 threads per core) family 6 model 165 stepping 2, cmov, cx8, fxsr, mmx, sse, sse2, sse3, ssse3, sse4.1, sse4.2, popcnt, avx, avx2, aes, clmul, erms, 3dnowpref, lzcnt, ht, tsc, tscinvbit, bmi1, bmi2, adx

Memory: 4k page, physical 16573620k(6533908k free), swap 17961564k(2056k free)

vm_info: Java HotSpot(TM) 64-Bit Server VM (25.102-b14) for windows-amd64 JRE (1.8.0_102-b14), built on Jun 22 2016 13:15:21 by "java_re" with MS VC++ 10.0 (VS2010)

time: Fri Feb 24 17:08:31 2023
elapsed time: 15 seconds (0d 0h 0m 15s)

